date: 2015-01-11 21:56:56.475
argv: c:\Program Files\nodejs\node.exe c:\Users\Johnny Kwok\AppData\Roaming\npm\node_modules\hexo\bin\hexo s
os: Windows_NT 6.1.7601 win32 x64
version:
  hexo: 2.4.5
  http_parser: 1.0
  node: 0.10.25
  v8: 3.14.5.9
  ares: 1.9.0-DEV
  uv: 0.10.23
  zlib: 1.2.3
  modules: 11
  openssl: 1.0.1e
---

[debug] 21:55:58.381 Configuration file load successfully
[debug] 21:55:58.381 Version info checked successfully
[debug] 21:55:58.428 Loading database.
[debug] 21:55:58.490 Theme layout loaded
[debug] 21:55:58.506 Theme configuration loaded
[debug] 21:55:58.631 Theme source loaded
[debug] 21:55:58.631 Theme language files loaded
[debug] 21:55:58.646 Processed: 404.html
[debug] 21:55:58.646 Processed: about/index.md
[debug] 21:55:58.662 Processed: requirejs/index.html
[debug] 21:55:58.662 Processed: requirejs/docs/api.html
[debug] 21:55:58.662 Processed: requirejs/docs/start.html
[debug] 21:55:58.662 Processed: requirejs/docs/download.html
[debug] 21:55:58.662 Processed: _posts/infinity-world-restart.md
[debug] 21:55:58.662 Cache saved
[info] 21:55:58.693 Hexo is running at localhost:80/. Press Ctrl+C to stop.
[debug] 21:56:07.992 Render requirejs: requirejs/docs/start.html
[info] 21:56:48.409 addDir Theme: %s source\js\requirejs\lib\新建文件夹
[update] 21:56:53.120 Theme: source\js\requirejs\lib\highlight.xd.js
[info] 21:56:53.120 unlinkDir Theme: %s source\js\requirejs\lib\新建文件夹
[info] 21:56:53.120 addDir Theme: %s source\js\requirejs\lib\highlight
[info] 21:56:53.120 addDir Theme: %s source\js\requirejs\lib\highlight
[update] 21:56:56.475 Theme: source\js\requirejs\lib\highlight.xd.js
[error] 21:56:56.475 Error: ENOENT, readdir 'c:\Users\Johnny Kwok\Documents\GitHub\blog\themes\striped\source\js\requirejs\lib\新建文件夹'
Error: ENOENT, readdir 'c:\Users\Johnny Kwok\Documents\GitHub\blog\themes\striped\source\js\requirejs\lib\新建文件夹'
